make all --print-data-base --no-builtin-variables --no-builtin-rules --question
# GNU Make 4.2.1
# Built for x86_64-pc-linux-gnu
# Copyright (C) 1988-2016 Free Software Foundation, Inc.
# License GPLv3+: GNU GPL version 3 or later <http://gnu.org/licenses/gpl.html>
# This is free software: you are free to change and redistribute it.
# There is NO WARRANTY, to the extent permitted by law.
 

# Make data base, printed on Wed Jun 15 23:20:54 2022

# Variables

# automatic
<D = $(patsubst %/,%,$(dir $<))
# environment
PREFIX = /home/caesar/dennix-toolchain
# automatic
?F = $(notdir $?)
# environment
DESKTOP_SESSION = deepin
# default
.SHELLFLAGS := -c
# environment
XDG_SESSION_CLASS = user
# environment
XDG_SESSION_TYPE = x11
# environment
VSCODE_LOG_NATIVE = false
# automatic
?D = $(patsubst %/,%,$(dir $?))
# environment
GO11MODULE = auto
# automatic
@D = $(patsubst %/,%,$(dir $@))
# environment
XAUTHORITY = /home/caesar/.Xauthority
# environment
GDMSESSION = deepin
# environment
XMODIFIERS = @im=fcitx
# makefile
CURDIR := /home/caesar/study/os/CaesarOS
# makefile
SHELL = /bin/sh
# environment
WXPATH = /usr/local/wxWidgets/
# environment
VSCODE_NLS_CONFIG = {"locale":"en-us","availableLanguages":{},"_languagePackSupport":true}
# environment
_ = /opt/apps/com.visualstudio.code/files/code/code
# makefile (from 'Makefile', line 1)
arch = x86_64
# environment
DEEPIN_WINE_SCALE = 1.50
# makefile (from 'Makefile', line 1)
MAKEFILE_LIST :=  Makefile
# automatic
@F = $(notdir $@)
# environment
GIO_LAUNCHED_DESKTOP_FILE = /usr/share/applications/code.desktop
# 'override' directive
GNUMAKEFLAGS := 
# environment
DBUS_SESSION_BUS_ADDRESS = unix:path=/run/user/1000/bus
# environment
VSCODE_VERBOSE_LOGGING = true
# environment
QT_SCREEN_SCALE_FACTORS = 1.5
# environment
QT_LOGGING_RULES = *.debug=false
# makefile (from 'Makefile', line 6)
grub_cfg := x86_64/grub.cfg
# environment
CLUTTER_IM_MODULE = fcitx
# environment
VSCODE_IPC_HOOK_EXTHOST = /run/user/1000/vscode-ipc-4cbc7bc6-2b95-4f8b-b52e-7fa44b6e01f4.sock
# environment
VSCODE_CWD = /home/caesar
# environment
GOPROXY = https://goproxy.cn
# makefile (from 'Makefile', line 3)
iso := build/CaesarOS-x86_64.iso
# environment
XDG_SESSION_PATH = /org/freedesktop/DisplayManager/Session0
# default
MAKE_HOST := x86_64-pc-linux-gnu
# environment
PATH = /home/caesar/dennix-toolchain/bin:/home/caesar/.cargo/bin:/usr/local/wxWidgets//bin:/usr/local/bin:/usr/bin:/bin:/usr/local/games:/usr/games:/sbin:/usr/sbin:/home/caesar/code/golang/goroot/bin:/home/caesar/code/cpluscplus/qemu-5.0.0:/home/caesar/code/cpluscplus/qemu-5.0.0/riscv64-softmmu:/home/caesar/code/cpluscplus/qemu-5.0.0/riscv64-linux-user
# environment
GPG_AGENT_INFO = /run/user/1000/gnupg/S.gpg-agent:0:1
# environment
LSCOLORS = Gxfxcxdxbxegedabagacad
# makefile (from 'Makefile', line 2)
kernel := build/kernel-x86_64.bin
# environment
XDG_RUNTIME_DIR = /run/user/1000
# makefile (from 'Makefile', line 13)
c_object_files :=  build/x86_64/kmain.o  build/x86_64/multiboot2.o
# environment
GOPATH = /home/caesar/code/golang/gopath
# environment
VSCODE_LOG_STACK = false
# environment
ELECTRON_RUN_AS_NODE = 1
# default
.FEATURES := target-specific order-only second-expansion else-if shortest-stem undefine oneshell archives jobserver output-sync check-symlink load
# environment
XDG_GREETER_DATA_DIR = /var/lib/lightdm/data/caesar
# environment
LS_COLORS = 
# environment
XDG_SESSION_DESKTOP = deepin
# environment
SSH_AUTH_SOCK = /run/user/1000/keyring/ssh
# environment
GIO_LAUNCHED_DESKTOP_FILE_PID = 8976
# automatic
%F = $(notdir $%)
# environment
DISPLAY = :0
# environment
GTK_IM_MODULE = fcitx
# environment
VSCODE_PIPE_LOGGING = true
# environment
PWD = /home/caesar/study/os/CaesarOS
# default
.LOADED := 
# environment
XDG_SEAT = seat0
# environment
ORIGINAL_XDG_CURRENT_DESKTOP = Deepin
# environment
VSCODE_AMD_ENTRYPOINT = vs/workbench/api/node/extensionHostProcess
# environment
HOME = /home/caesar
# environment
XDG_CACHE_HOME = /home/caesar/.cache
 
# environment
VSCODE_CODE_CACHE_PATH = /home/caesar/.config/Code/CachedData/4af164ea3a06f701fe3e89a2bcbb421d2026b68f
# environment
LOGNAME = caesar
# environment
QT_LINUX_ACCESSIBILITY_ALWAYS_ON = 1
# environment
APPLICATION_INSIGHTS_NO_DIAGNOSTIC_CHANNEL = 1
# environment
ZSH = /home/caesar/.oh-my-zsh
# environment
VSCODE_HANDLES_UNCAUGHT_ERRORS = true
# default
MAKE_VERSION := 4.2.1
# environment
GNOME_DESKTOP_SESSION_ID = this-is-deprecated
# automatic
^D = $(patsubst %/,%,$(dir $^))
# environment
XDG_VTNR = 1
# makefile (from 'Makefile', line 8)
assembly_source_files := x86_64/boot.asm x86_64/multiboot_header.asm
# environment
MAKELEVEL := 0
# default
MAKE = $(MAKE_COMMAND)
# default
MAKECMDGOALS := all
# environment
QT_IM_MODULE = fcitx
# environment
SHLVL = 0
# environment
QT_QPA_PLATFORM = xcb
# environment
XDG_SESSION_ID = 2
# environment
USER = caesar
# makefile
.DEFAULT_GOAL := all
# environment
XDG_CURRENT_DESKTOP = Deepin
# environment
GOROOT = /home/caesar/code/golang/goroot
# environment
LESS = -R
# automatic
%D = $(patsubst %/,%,$(dir $%))
# default
MAKE_COMMAND := make
# environment
OLDPWD = /home/caesar
# default
.VARIABLES := 
# automatic
*F = $(notdir $*)
# environment
LANGUAGE = en_US
# environment
XDG_SEAT_PATH = /org/freedesktop/DisplayManager/Seat0
# environment
VSCODE_IPC_HOOK = /run/user/1000/vscode-6505e178-1.68.0-main.sock
# makefile
MAKEFLAGS = pqrR
# environment
MFLAGS = -pqrR
# automatic
*D = $(patsubst %/,%,$(dir $*))
# makefile (from 'Makefile', line 5)
linker_script := x86_64/linker.ld
# automatic
+D = $(patsubst %/,%,$(dir $+))
# environment
GDK_BACKEND = x11
# automatic
+F = $(notdir $+)
# environment
QT_DBL_CLICK_DIST = 22
# environment
QT_ACCESSIBILITY = 1
# default
MAKEFILES := 
# automatic
<F = $(notdir $<)
# environment
XDG_CONFIG_HOME = /home/caesar/.config
# environment
PAGER = less
# environment
LC_ALL = C
# makefile (from 'Makefile', line 12)
c_source_files := kernel/kmain.c kernel/multiboot2.c
 
# automatic
^F = $(notdir $^)
# environment
XDG_DATA_HOME = /home/caesar/.local/share
# default
SUFFIXES := 
# environment
CHROME_DESKTOP = code-url-handler.desktop
# environment
D_DXCB_FORCE_OVERRIDE_HIDPI = 1
# default
.INCLUDE_DIRS = /usr/include /usr/local/include /usr/include
# default
.RECIPEPREFIX := 
# environment
LANG = C
# makefile (from 'Makefile', line 9)
assembly_object_files :=  build/x86_64/boot.o  build/x86_64/multiboot_header.o
# environment
VSCODE_PID = 8976
# variable set hash-table stats:
# Load=119/1024=12%, Rehash=0, Collisions=12/168=7%

# Pattern-specific Variable Values

# No pattern-specific variable values.

# Directories

# kernel (device 2067, inode 544706142): 4 files, no impossibilities.
# . (device 2067, inode 1080427414): 11 files, no impossibilities.
# x86_64 (device 2067, inode 1080427435): 6 files, no impossibilities.

# 21 files, no impossibilities in 3 directories.

# Implicit Rules

build/x86_64/%.o: x86_64/%.asm
#  recipe to execute (from 'Makefile', line 40):
	@mkdir -p $(shell dirname $@)
	@nasm -felf64 $< -o $@

build/x86_64/%.o: kernel/%.c
#  recipe to execute (from 'Makefile', line 44):
	@mkdir -p $(shell dirname $@)
	gcc -m64 -mcmodel=kernel -ffreestanding -nostdlib -mno-red-zone -c $< -o $@

# 2 implicit rules, 0 (0.0%) terminal.

# Files

build/x86_64/multiboot2.o: kernel/multiboot2.c
#  Implicit rule search has been done.
#  Implicit/static pattern stem: 'multiboot2'
#  Last modified 2022-06-15 23:18:34.627904577
#  File has been updated.
#  Successfully updated.
#  recipe to execute (from 'Makefile', line 44):
	@mkdir -p $(shell dirname $@)
	gcc -m64 -mcmodel=kernel -ffreestanding -nostdlib -mno-red-zone -c $< -o $@

build/x86_64/kmain.o: kernel/kmain.c
#  Implicit rule search has been done.
#  Implicit/static pattern stem: 'kmain'
#  Last modified 2022-06-15 23:18:34.591905125
#  File has been updated.
#  Successfully updated.
#  recipe to execute (from 'Makefile', line 44):
	@mkdir -p $(shell dirname $@)
	gcc -m64 -mcmodel=kernel -ffreestanding -nostdlib -mno-red-zone -c $< -o $@

all: build/kernel-x86_64.bin
#  Phony target (prerequisite of .PHONY).
#  Command line target.
#  Implicit rule search has not been done.
 
#  File does not exist.
#  File has been updated.
#  Successfully updated.

.PHONY: all clean run iso
#  Implicit rule search has not been done.
#  Modification time never checked.
#  File has not been updated.

# Not a target:
x86_64/boot.asm:
#  Implicit rule search has been done.
#  Last modified 2022-06-15 23:17:38.036755497
#  File has been updated.
#  Successfully updated.

build/kernel-x86_64.bin: build/x86_64/boot.o build/x86_64/multiboot_header.o x86_64/linker.ld build/x86_64/kmain.o build/x86_64/multiboot2.o
#  Implicit rule search has not been done.
#  Last modified 2022-06-15 23:20:32.242076775
#  File has been updated.
#  Successfully updated.
#  recipe to execute (from 'Makefile', line 36):
	@ld -n -T $(linker_script) -o $(kernel) $(assembly_object_files) $(c_object_files)

build/CaesarOS-x86_64.iso: build/kernel-x86_64.bin x86_64/grub.cfg
#  Implicit rule search has not been done.
#  Modification time never checked.
#  File has not been updated.
#  recipe to execute (from 'Makefile', line 29):
	@mkdir -p build/iso/boot/grub
	@cp $(kernel) build/iso/boot/kernel.bin
	@cp $(grub_cfg) build/iso/boot/grub
	@grub-mkrescue -o $(iso) build/iso 2> /dev/null
	@rm -r build/iso

# Not a target:
Makefile:
#  Implicit rule search has been done.
#  Last modified 2022-06-15 23:20:49.377804577
#  File has been updated.
#  Successfully updated.

build/x86_64/boot.o: x86_64/boot.asm
#  Implicit rule search has been done.
#  Implicit/static pattern stem: 'boot'
#  Last modified 2022-06-15 23:18:13.168229635
#  File has been updated.
#  Successfully updated.
#  recipe to execute (from 'Makefile', line 40):
	@mkdir -p $(shell dirname $@)
	@nasm -felf64 $< -o $@

# Not a target:
kernel/multiboot2.c:
#  Implicit rule search has been done.
#  Last modified 2022-06-15 23:17:38.036755497
#  File has been updated.
#  Successfully updated.

# Not a target:
kernel/kmain.c:
#  Implicit rule search has been done.
#  Last modified 2022-06-15 23:17:38.036755497
#  File has been updated.
#  Successfully updated.

# Not a target:
.DEFAULT:
#  Implicit rule search has not been done.
#  Modification time never checked.
#  File has not been updated.

run: build/CaesarOS-x86_64.iso
#  Phony target (prerequisite of .PHONY).
#  Implicit rule search has not been done.
#  File does not exist.
#  File has not been updated.
#  recipe to execute (from 'Makefile', line 24):
	@qemu-system-x86_64 -cdrom $(iso)

clean:
#  Phony target (prerequisite of .PHONY).
#  Implicit rule search has not been done.
#  File does not exist.
#  File has not been updated.
#  recipe to execute (from 'Makefile', line 21):
	@rm -r build

# Not a target:
x86_64/multiboot_header.asm:
#  Implicit rule search has been done.
#  Last modified 2022-06-15 23:17:38.036755497
#  File has been updated.
#  Successfully updated.

# Not a target:
x86_64/linker.ld:
#  Implicit rule search has been done.
#  Last modified 2022-06-15 23:19:33.115004927
#  File has been updated.
#  Successfully updated.

build/x86_64/multiboot_header.o: x86_64/multiboot_header.asm
#  Implicit rule search has been done.
#  Implicit/static pattern stem: 'multiboot_header'
#  Last modified 2022-06-15 23:18:13.172229575
#  File has been updated.
#  Successfully updated.
#  recipe to execute (from 'Makefile', line 40):
	@mkdir -p $(shell dirname $@)
	@nasm -felf64 $< -o $@

iso: build/CaesarOS-x86_64.iso
#  Phony target (prerequisite of .PHONY).
#  Implicit rule search has not been done.
#  File does not exist.
#  File has not been updated.

# Not a target:
x86_64/grub.cfg:
#  Implicit rule search has not been done.
#  Modification time never checked.
#  File has not been updated.

# files hash-table stats:
# Load=20/1024=2%, Rehash=0, Collisions=0/64=0%
# VPATH Search Paths

# No 'vpath' search paths.

# No general ('VPATH' variable) search path.
 

# strcache buffers: 1 (0) / strings = 46 / storage = 585 B / avg = 12 B
# current buf: size = 8162 B / used = 585 B / count = 46 / avg = 12 B

# strcache performance: lookups = 78 / hit rate = 41%
# hash-table stats:
# Load=46/8192=1%, Rehash=0, Collisions=3/78=4%
# Finished Make data base on Wed Jun 15 23:20:54 2022

 
